2023-10-05 08:38:44,556 [INFO] Activator:177 - 


2023-10-05 08:38:44,557 [INFO] Activator:178 - !SESSION log4j initialized
2023-10-05 08:38:53,148 [INFO] McuFinderGlobals:39 - Set McuFinder mode to 2 (CubeIDE integrated)
2023-10-05 08:38:53,408 [INFO] ApplicationProperties:181 - Using Application install path: C:\ST\STM32CubeIDE_1.7.0\STM32CubeIDE\plugins\com.st.stm32cube.common.mx_6.3.0.202107141111
2023-10-05 08:38:53,417 [INFO] DbMcusXml:74 - Set database path to: C:\ST\STM32CubeIDE_1.7.0\STM32CubeIDE\plugins\com.st.stm32cube.common.mx_6.3.0.202107141111\\db\/mcu/
2023-10-05 08:38:53,421 [INFO] DbBoardsPdsc:56 - Set plugin database path to: C:\ST\STM32CubeIDE_1.7.0\STM32CubeIDE\plugins\com.st.stm32cube.common.mx_6.3.0.202107141111\\db\/plugins/boardmanager/
2023-10-05 08:38:53,421 [INFO] DbMcus:258 - Set plugin images path to: C:\ST\STM32CubeIDE_1.7.0\STM32CubeIDE\plugins\com.st.stm32cube.common.mx_6.3.0.202107141111\\db\/plugins/mcufinder/images/
2023-10-05 08:38:53,421 [INFO] DbBoards:264 - Set plugin images path to: C:\ST\STM32CubeIDE_1.7.0\STM32CubeIDE\plugins\com.st.stm32cube.common.mx_6.3.0.202107141111\\db\/plugins/mcufinder/images/
2023-10-05 08:38:53,423 [INFO] DbExamples:333 - Set plugin images path to: C:\ST\STM32CubeIDE_1.7.0\STM32CubeIDE\plugins\com.st.stm32cube.common.mx_6.3.0.202107141111\\db\/plugins/mcufinder/images/
2023-10-05 08:38:53,431 [INFO] DbMcusAds:119 - Set database path to: C:\Users\taish\.stmcufinder\plugins\mcufinder//mcu/
2023-10-05 08:38:53,432 [INFO] DbMcusDocs:110 - Set database path to: C:\Users\taish\.stmcufinder\plugins\mcufinder//mcu/
2023-10-05 08:38:53,433 [INFO] DbMcusJson:64 - Set database path to: C:\Users\taish\.stmcufinder\plugins\mcufinder//mcu/
2023-10-05 08:38:53,434 [INFO] DbBoardsDocs:110 - Set database path to: C:\Users\taish\.stmcufinder\plugins\mcufinder//mcu/
2023-10-05 08:38:53,435 [INFO] DbBoardsJson:57 - Set database path to: C:\Users\taish\.stmcufinder\plugins\mcufinder//mcu/
2023-10-05 08:38:53,437 [INFO] CrossReferenceDbSqlite:196 - Set database path to: C:\Users\taish\.stmcufinder\plugins\mcufinder//mcu/cs/
2023-10-05 08:38:53,440 [INFO] DbExamplesSqlite:767 - Set database path to: C:\Users\taish\.stmcufinder\plugins\mcufinder//mcu/
2023-10-05 08:38:53,521 [INFO] RulesReader:57 - Compatibility file has been processed (242 Rules)
2023-10-05 08:38:53,584 [INFO] DbMcusXml:74 - Set database path to: C:\ST\STM32CubeIDE_1.7.0\STM32CubeIDE\plugins\com.st.stm32cube.common.mx_6.3.0.202107141111\\db\/mcu/
2023-10-05 08:38:53,585 [INFO] DbBoardsPdsc:56 - Set plugin database path to: C:\ST\STM32CubeIDE_1.7.0\STM32CubeIDE\plugins\com.st.stm32cube.common.mx_6.3.0.202107141111\\db\/plugins/boardmanager/
2023-10-05 08:38:53,586 [INFO] DbMcus:258 - Set plugin images path to: C:\ST\STM32CubeIDE_1.7.0\STM32CubeIDE\plugins\com.st.stm32cube.common.mx_6.3.0.202107141111\\db\/plugins/mcufinder/images/
2023-10-05 08:38:53,586 [INFO] DbBoards:264 - Set plugin images path to: C:\ST\STM32CubeIDE_1.7.0\STM32CubeIDE\plugins\com.st.stm32cube.common.mx_6.3.0.202107141111\\db\/plugins/mcufinder/images/
2023-10-05 08:38:53,586 [INFO] DbExamples:333 - Set plugin images path to: C:\ST\STM32CubeIDE_1.7.0\STM32CubeIDE\plugins\com.st.stm32cube.common.mx_6.3.0.202107141111\\db\/plugins/mcufinder/images/
2023-10-05 08:38:53,586 [WARN] DbFile:35 - Overriding database path with different value: C:\Users\taish\.stmcufinder\plugins\mcufinder/ => C:\Users\taish\.stmcufinder\plugins\mcufinder
2023-10-05 08:38:53,586 [INFO] DbMcusAds:119 - Set database path to: C:\Users\taish\.stmcufinder\plugins\mcufinder//mcu/
2023-10-05 08:38:53,586 [WARN] DbFile:35 - Overriding database path with different value: C:\Users\taish\.stmcufinder\plugins\mcufinder/ => C:\Users\taish\.stmcufinder\plugins\mcufinder
2023-10-05 08:38:53,586 [INFO] DbMcusDocs:110 - Set database path to: C:\Users\taish\.stmcufinder\plugins\mcufinder//mcu/
2023-10-05 08:38:53,587 [WARN] DbFile:35 - Overriding database path with different value: C:\Users\taish\.stmcufinder\plugins\mcufinder/ => C:\Users\taish\.stmcufinder\plugins\mcufinder
2023-10-05 08:38:53,587 [INFO] DbMcusJson:64 - Set database path to: C:\Users\taish\.stmcufinder\plugins\mcufinder//mcu/
2023-10-05 08:38:53,587 [WARN] DbFile:35 - Overriding database path with different value: C:\Users\taish\.stmcufinder\plugins\mcufinder/ => C:\Users\taish\.stmcufinder\plugins\mcufinder
2023-10-05 08:38:53,587 [INFO] DbBoardsDocs:110 - Set database path to: C:\Users\taish\.stmcufinder\plugins\mcufinder//mcu/
2023-10-05 08:38:53,587 [WARN] DbFile:35 - Overriding database path with different value: C:\Users\taish\.stmcufinder\plugins\mcufinder/ => C:\Users\taish\.stmcufinder\plugins\mcufinder
2023-10-05 08:38:53,587 [INFO] DbBoardsJson:57 - Set database path to: C:\Users\taish\.stmcufinder\plugins\mcufinder//mcu/
2023-10-05 08:38:53,587 [WARN] DbFile:35 - Overriding database path with different value: C:\Users\taish\.stmcufinder\plugins\mcufinder/ => C:\Users\taish\.stmcufinder\plugins\mcufinder
2023-10-05 08:38:53,587 [WARN] DbFile:35 - Overriding database path with different value: C:\Users\taish\.stmcufinder\plugins\mcufinder/ => C:\Users\taish\.stmcufinder\plugins\mcufinder
2023-10-05 08:38:53,587 [INFO] CrossReferenceDbSqlite:196 - Set database path to: C:\Users\taish\.stmcufinder\plugins\mcufinder//mcu/cs/
2023-10-05 08:38:53,587 [WARN] DbFile:35 - Overriding database path with different value: C:\Users\taish\.stmcufinder\plugins\mcufinder/ => C:\Users\taish\.stmcufinder\plugins\mcufinder
2023-10-05 08:38:53,587 [INFO] DbExamplesSqlite:767 - Set database path to: C:\Users\taish\.stmcufinder\plugins\mcufinder//mcu/
2023-10-05 08:38:53,639 [INFO] MainPanel:214 - HeapMemory: 268435456
2023-10-05 08:38:53,708 [INFO] DbMcusXml:74 - Set database path to: C:\ST\STM32CubeIDE_1.7.0\STM32CubeIDE\plugins\com.st.stm32cube.common.mx_6.3.0.202107141111\\db\/mcu/
2023-10-05 08:38:53,708 [INFO] DbBoardsPdsc:56 - Set plugin database path to: C:\ST\STM32CubeIDE_1.7.0\STM32CubeIDE\plugins\com.st.stm32cube.common.mx_6.3.0.202107141111\\db\/plugins/boardmanager/
2023-10-05 08:38:53,708 [INFO] DbMcus:258 - Set plugin images path to: C:\ST\STM32CubeIDE_1.7.0\STM32CubeIDE\plugins\com.st.stm32cube.common.mx_6.3.0.202107141111\\db\/plugins/mcufinder/images/
2023-10-05 08:38:53,709 [INFO] DbBoards:264 - Set plugin images path to: C:\ST\STM32CubeIDE_1.7.0\STM32CubeIDE\plugins\com.st.stm32cube.common.mx_6.3.0.202107141111\\db\/plugins/mcufinder/images/
2023-10-05 08:38:53,709 [INFO] DbExamples:333 - Set plugin images path to: C:\ST\STM32CubeIDE_1.7.0\STM32CubeIDE\plugins\com.st.stm32cube.common.mx_6.3.0.202107141111\\db\/plugins/mcufinder/images/
2023-10-05 08:38:53,710 [WARN] DbFile:35 - Overriding database path with different value: C:\Users\taish\.stmcufinder\plugins\mcufinder/ => C:\Users\taish\.stmcufinder\plugins\mcufinder
2023-10-05 08:38:53,710 [INFO] DbMcusAds:119 - Set database path to: C:\Users\taish\.stmcufinder\plugins\mcufinder//mcu/
2023-10-05 08:38:53,710 [WARN] DbFile:35 - Overriding database path with different value: C:\Users\taish\.stmcufinder\plugins\mcufinder/ => C:\Users\taish\.stmcufinder\plugins\mcufinder
2023-10-05 08:38:53,710 [INFO] DbMcusDocs:110 - Set database path to: C:\Users\taish\.stmcufinder\plugins\mcufinder//mcu/
2023-10-05 08:38:53,710 [WARN] DbFile:35 - Overriding database path with different value: C:\Users\taish\.stmcufinder\plugins\mcufinder/ => C:\Users\taish\.stmcufinder\plugins\mcufinder
2023-10-05 08:38:53,710 [INFO] DbMcusJson:64 - Set database path to: C:\Users\taish\.stmcufinder\plugins\mcufinder//mcu/
2023-10-05 08:38:53,710 [WARN] DbFile:35 - Overriding database path with different value: C:\Users\taish\.stmcufinder\plugins\mcufinder/ => C:\Users\taish\.stmcufinder\plugins\mcufinder
2023-10-05 08:38:53,710 [INFO] DbBoardsDocs:110 - Set database path to: C:\Users\taish\.stmcufinder\plugins\mcufinder//mcu/
2023-10-05 08:38:53,710 [WARN] DbFile:35 - Overriding database path with different value: C:\Users\taish\.stmcufinder\plugins\mcufinder/ => C:\Users\taish\.stmcufinder\plugins\mcufinder
2023-10-05 08:38:53,710 [INFO] DbBoardsJson:57 - Set database path to: C:\Users\taish\.stmcufinder\plugins\mcufinder//mcu/
2023-10-05 08:38:53,711 [WARN] DbFile:35 - Overriding database path with different value: C:\Users\taish\.stmcufinder\plugins\mcufinder/ => C:\Users\taish\.stmcufinder\plugins\mcufinder
2023-10-05 08:38:53,711 [WARN] DbFile:35 - Overriding database path with different value: C:\Users\taish\.stmcufinder\plugins\mcufinder/ => C:\Users\taish\.stmcufinder\plugins\mcufinder
2023-10-05 08:38:53,711 [INFO] CrossReferenceDbSqlite:196 - Set database path to: C:\Users\taish\.stmcufinder\plugins\mcufinder//mcu/cs/
2023-10-05 08:38:53,711 [WARN] DbFile:35 - Overriding database path with different value: C:\Users\taish\.stmcufinder\plugins\mcufinder/ => C:\Users\taish\.stmcufinder\plugins\mcufinder
2023-10-05 08:38:53,711 [INFO] DbExamplesSqlite:767 - Set database path to: C:\Users\taish\.stmcufinder\plugins\mcufinder//mcu/
2023-10-05 08:38:53,725 [INFO] ApplicationProperties:181 - Using Application install path: C:\ST\STM32CubeIDE_1.7.0\STM32CubeIDE\plugins\com.st.stm32cube.common.mx_6.3.0.202107141111
2023-10-05 08:38:53,726 [INFO] PluginManage:188 - Search for loadable plugins [exclusion list=, ]
2023-10-05 08:38:53,727 [INFO] PluginManage:302 - Check plugin analytics
2023-10-05 08:38:53,839 [INFO] AnalyticsPlugin:257 - Accepted Software Licenses: 
2023-10-05 08:38:53,839 [INFO] AnalyticsPlugin:259 - Accepted CMSIS Pack Licenses: 
2023-10-05 08:38:53,840 [INFO] AnalyticsPlugin:261 - Accepted Firmware Licenses: 
2023-10-05 08:38:53,840 [INFO] PluginManage:352 - Loaded plugin analytics (category:tool,tabindex:-1)
2023-10-05 08:38:53,840 [INFO] PluginManage:302 - Check plugin clock
2023-10-05 08:38:53,856 [INFO] PluginManage:352 - Loaded plugin clock (category:base,tabindex:2)
2023-10-05 08:38:53,856 [INFO] PluginManage:302 - Check plugin ddr
2023-10-05 08:38:53,858 [INFO] PluginManage:352 - Loaded plugin ddr (category:tool,tabindex:6)
2023-10-05 08:38:53,858 [INFO] PluginManage:302 - Check plugin filemanager
2023-10-05 08:38:53,963 [INFO] PluginManage:352 - Loaded plugin filemanager (category:base,tabindex:10)
2023-10-05 08:38:53,964 [INFO] PluginManage:302 - Check plugin ipmanager
2023-10-05 08:38:53,970 [INFO] PluginManage:352 - Loaded plugin ipmanager (category:base,tabindex:5)
2023-10-05 08:38:53,970 [INFO] PluginManage:302 - Check plugin pinoutandconfiguration
2023-10-05 08:38:53,983 [INFO] PluginManage:352 - Loaded plugin pinoutandconfiguration (category:base,tabindex:1)
2023-10-05 08:38:53,984 [INFO] PluginManage:302 - Check plugin pinoutconfig
2023-10-05 08:38:54,012 [INFO] PluginManage:352 - Loaded plugin pinoutconfig (category:base,tabindex:0)
2023-10-05 08:38:54,013 [INFO] PluginManage:302 - Check plugin power
2023-10-05 08:38:54,028 [INFO] PluginManage:352 - Loaded plugin power (category:power,tabindex:4)
2023-10-05 08:38:54,028 [INFO] PluginManage:302 - Check plugin projectmanager
2023-10-05 08:38:54,041 [INFO] PluginManage:352 - Loaded plugin projectmanager (category:projectmanager,tabindex:3)
2023-10-05 08:38:54,041 [INFO] PluginManage:302 - Check plugin thirdparty
2023-10-05 08:38:54,228 [WARN] IntegrityCheckThread:78 - waiting for thirdparty lock release [integrity check]
2023-10-05 08:38:54,228 [INFO] IntegrityCheckThread:80 - entering critical section [integrity check]
2023-10-05 08:38:54,228 [INFO] PluginManage:352 - Loaded plugin thirdparty (category:base,tabindex:-1)
2023-10-05 08:38:54,229 [INFO] PluginManage:302 - Check plugin tools
2023-10-05 08:38:54,228 [INFO] ThirdPartyUpdaterWithRetryManager:66 - Updater plugin not ready yet. [1/15]
2023-10-05 08:38:54,275 [INFO] PluginManage:352 - Loaded plugin tools (category:base,tabindex:7)
2023-10-05 08:38:54,275 [INFO] PluginManage:302 - Check plugin tutovideos
2023-10-05 08:38:54,466 [INFO] PluginManage:352 - Loaded plugin tutovideos (category:base,tabindex:-1)
2023-10-05 08:38:54,466 [INFO] PluginManage:302 - Check plugin updater
2023-10-05 08:38:54,476 [INFO] PluginManage:352 - Loaded plugin updater (category:base,tabindex:12)
2023-10-05 08:38:54,476 [INFO] PluginManage:275 - PluginManage : Loaded plugins [13]
2023-10-05 08:38:54,606 [INFO] PinOutPanel:1463 - setPackage(No Configuration,No Configuration)
2023-10-05 08:38:54,677 [INFO] IPUIPlugin:74 - create IPUIPlugin
2023-10-05 08:38:54,678 [INFO] PluginManager:213 - loadIPPluginJar : add adc
2023-10-05 08:38:54,711 [INFO] IPUIPlugin:74 - create IPUIPlugin
2023-10-05 08:38:54,711 [INFO] PluginManager:213 - loadIPPluginJar : add aes
2023-10-05 08:38:54,749 [INFO] IPUIPlugin:74 - create IPUIPlugin
2023-10-05 08:38:54,749 [INFO] PluginManager:213 - loadIPPluginJar : add can
2023-10-05 08:38:54,775 [INFO] IPUIPlugin:74 - create IPUIPlugin
2023-10-05 08:38:54,775 [INFO] PluginManager:213 - loadIPPluginJar : add comp
2023-10-05 08:38:54,805 [INFO] IPUIPlugin:74 - create IPUIPlugin
2023-10-05 08:38:54,806 [INFO] PluginManager:213 - loadIPPluginJar : add cryp
2023-10-05 08:38:54,836 [INFO] IPUIPlugin:74 - create IPUIPlugin
2023-10-05 08:38:54,836 [INFO] PluginManager:213 - loadIPPluginJar : add dfsdm
2023-10-05 08:38:54,847 [INFO] IPUIPlugin:74 - create IPUIPlugin
2023-10-05 08:38:54,848 [INFO] PluginManager:213 - loadIPPluginJar : add dma
2023-10-05 08:38:54,886 [INFO] IPUIPlugin:74 - create IPUIPlugin
2023-10-05 08:38:54,887 [INFO] PluginManager:213 - loadIPPluginJar : add dma3
2023-10-05 08:38:54,909 [INFO] IPUIPlugin:74 - create IPUIPlugin
2023-10-05 08:38:54,909 [INFO] PluginManager:213 - loadIPPluginJar : add fatfs
2023-10-05 08:38:54,954 [INFO] IPUIPlugin:74 - create IPUIPlugin
2023-10-05 08:38:54,954 [INFO] PluginManager:213 - loadIPPluginJar : add fmc
2023-10-05 08:38:54,966 [INFO] IPUIPlugin:74 - create IPUIPlugin
2023-10-05 08:38:54,966 [INFO] PluginManager:213 - loadIPPluginJar : add freertos
2023-10-05 08:38:54,990 [INFO] IPUIPlugin:74 - create IPUIPlugin
2023-10-05 08:38:54,990 [INFO] PluginManager:213 - loadIPPluginJar : add genericplugin
2023-10-05 08:38:55,065 [INFO] IPUIPlugin:74 - create IPUIPlugin
2023-10-05 08:38:55,065 [INFO] PluginManager:213 - loadIPPluginJar : add gfxmmu
2023-10-05 08:38:55,180 [INFO] IPUIPlugin:74 - create IPUIPlugin
2023-10-05 08:38:55,180 [INFO] PluginManager:213 - loadIPPluginJar : add gic
2023-10-05 08:38:55,191 [INFO] IPUIPlugin:74 - create IPUIPlugin
2023-10-05 08:38:55,191 [INFO] PluginManager:213 - loadIPPluginJar : add gpio
2023-10-05 08:38:55,252 [INFO] IPUIPlugin:74 - create IPUIPlugin
2023-10-05 08:38:55,253 [INFO] PluginManager:213 - loadIPPluginJar : add gtzc
2023-10-05 08:38:55,280 [INFO] IPUIPlugin:74 - create IPUIPlugin
2023-10-05 08:38:55,280 [INFO] PluginManager:213 - loadIPPluginJar : add hash
2023-10-05 08:38:55,325 [INFO] IPUIPlugin:74 - create IPUIPlugin
2023-10-05 08:38:55,326 [INFO] PluginManager:213 - loadIPPluginJar : add i2c
2023-10-05 08:38:55,364 [INFO] IPUIPlugin:74 - create IPUIPlugin
2023-10-05 08:38:55,365 [INFO] PluginManager:213 - loadIPPluginJar : add i2s
2023-10-05 08:38:55,374 [INFO] IPUIPlugin:74 - create IPUIPlugin
2023-10-05 08:38:55,374 [INFO] PluginManager:213 - loadIPPluginJar : add ipddr
2023-10-05 08:38:55,449 [INFO] IPUIPlugin:74 - create IPUIPlugin
2023-10-05 08:38:55,450 [INFO] PluginManager:213 - loadIPPluginJar : add linkedlist
2023-10-05 08:38:55,482 [INFO] IPUIPlugin:74 - create IPUIPlugin
2023-10-05 08:38:55,483 [INFO] PluginManager:213 - loadIPPluginJar : add lorawan
2023-10-05 08:38:55,516 [INFO] IPUIPlugin:74 - create IPUIPlugin
2023-10-05 08:38:55,516 [INFO] PluginManager:213 - loadIPPluginJar : add ltdc
2023-10-05 08:38:55,526 [INFO] IPUIPlugin:74 - create IPUIPlugin
2023-10-05 08:38:55,526 [INFO] PluginManager:213 - loadIPPluginJar : add mdma
2023-10-05 08:38:55,537 [INFO] IPUIPlugin:74 - create IPUIPlugin
2023-10-05 08:38:55,538 [INFO] PluginManager:213 - loadIPPluginJar : add nvic
2023-10-05 08:38:55,571 [INFO] IPUIPlugin:74 - create IPUIPlugin
2023-10-05 08:38:55,572 [INFO] PluginManager:213 - loadIPPluginJar : add opamp
2023-10-05 08:38:55,626 [INFO] IPUIPlugin:74 - create IPUIPlugin
2023-10-05 08:38:55,626 [INFO] PluginManager:213 - loadIPPluginJar : add openamp
2023-10-05 08:38:55,663 [INFO] IPUIPlugin:74 - create IPUIPlugin
2023-10-05 08:38:55,664 [INFO] PluginManager:213 - loadIPPluginJar : add pdm2pcm
2023-10-05 08:38:55,676 [INFO] IPUIPlugin:74 - create IPUIPlugin
2023-10-05 08:38:55,678 [INFO] PluginManager:213 - loadIPPluginJar : add plateformsettings
2023-10-05 08:38:55,703 [INFO] IPUIPlugin:74 - create IPUIPlugin
2023-10-05 08:38:55,703 [INFO] PluginManager:213 - loadIPPluginJar : add quadspi
2023-10-05 08:38:55,715 [INFO] IPUIPlugin:74 - create IPUIPlugin
2023-10-05 08:38:55,715 [INFO] PluginManager:213 - loadIPPluginJar : add resmgrutility
2023-10-05 08:38:55,762 [INFO] IPUIPlugin:74 - create IPUIPlugin
2023-10-05 08:38:55,763 [INFO] PluginManager:213 - loadIPPluginJar : add sai
2023-10-05 08:38:55,796 [INFO] IPUIPlugin:74 - create IPUIPlugin
2023-10-05 08:38:55,796 [INFO] PluginManager:213 - loadIPPluginJar : add spi
2023-10-05 08:38:55,844 [INFO] IPUIPlugin:74 - create IPUIPlugin
2023-10-05 08:38:55,844 [INFO] PluginManager:213 - loadIPPluginJar : add stm32_wpan
2023-10-05 08:38:55,867 [INFO] IPUIPlugin:74 - create IPUIPlugin
2023-10-05 08:38:55,868 [INFO] PluginManager:213 - loadIPPluginJar : add tim
2023-10-05 08:38:55,920 [INFO] IPUIPlugin:74 - create IPUIPlugin
2023-10-05 08:38:55,920 [INFO] PluginManager:213 - loadIPPluginJar : add touchsensing
2023-10-05 08:38:55,945 [INFO] IPUIPlugin:74 - create IPUIPlugin
2023-10-05 08:38:55,945 [INFO] PluginManager:213 - loadIPPluginJar : add tracer_emb
2023-10-05 08:38:55,970 [INFO] IPUIPlugin:74 - create IPUIPlugin
2023-10-05 08:38:55,970 [INFO] PluginManager:213 - loadIPPluginJar : add ts
2023-10-05 08:38:55,994 [INFO] IPUIPlugin:74 - create IPUIPlugin
2023-10-05 08:38:55,994 [INFO] PluginManager:213 - loadIPPluginJar : add tsc
2023-10-05 08:38:56,017 [INFO] IPUIPlugin:74 - create IPUIPlugin
2023-10-05 08:38:56,017 [INFO] PluginManager:213 - loadIPPluginJar : add ucpd
2023-10-05 08:38:56,063 [INFO] IPUIPlugin:74 - create IPUIPlugin
2023-10-05 08:38:56,064 [INFO] PluginManager:213 - loadIPPluginJar : add usart
2023-10-05 08:38:56,101 [INFO] IPUIPlugin:74 - create IPUIPlugin
2023-10-05 08:38:56,101 [INFO] PluginManager:213 - loadIPPluginJar : add usbx
2023-10-05 08:38:56,356 [FATAL] Updater:294 - Updater called before beeing initialized
2023-10-05 08:38:56,440 [FATAL] Updater:294 - Updater called before beeing initialized
2023-10-05 08:38:56,443 [INFO] DbMcusAds:47 - JSON generation date=Tue Mar 07 15:50:55 ICT 2023 (1678179055114)
2023-10-05 08:38:56,444 [FATAL] Updater:294 - Updater called before beeing initialized
2023-10-05 08:38:56,477 [WARN] DetailPanel:314 - Failed to get advertising image, set to default
2023-10-05 08:38:56,550 [FATAL] Updater:294 - Updater called before beeing initialized
2023-10-05 08:38:56,553 [FATAL] Updater:294 - Updater called before beeing initialized
2023-10-05 08:38:56,553 [FATAL] Updater:294 - Updater called before beeing initialized
2023-10-05 08:38:56,553 [WARN] DetailPanel:314 - Failed to get advertising image, set to default
2023-10-05 08:38:56,554 [FATAL] Updater:294 - Updater called before beeing initialized
2023-10-05 08:38:56,595 [ERROR] Updater:1075 - MainUpdater not yet initialized. External WinMGr cannot be set.
2023-10-05 08:38:56,604 [INFO] Updater:1012 - Updater Version found : 6.3.0
2023-10-05 08:38:56,619 [INFO] ApplicationProperties:181 - Using Application install path: C:\ST\STM32CubeIDE_1.7.0\STM32CubeIDE\plugins\com.st.stm32cube.common.mx_6.3.0.202107141111
2023-10-05 08:38:57,243 [INFO] ThirdPartyUpdaterWithRetryManager:66 - Updater plugin not ready yet. [2/15]
2023-10-05 08:38:58,823 [WARN] ServerAccessManage:1053 - Warning during Server Connexion :  timeout Read timed out
2023-10-05 08:38:59,082 [INFO] MainUpdater:2671 - connection check result : 10
2023-10-05 08:38:59,082 [INFO] MainUpdater:265 - Updater Check For Update Now.
2023-10-05 08:38:59,082 [INFO] MicroXplorer:478 - Change Database Version : DB.6.0.30
2023-10-05 08:38:59,246 [INFO] CheckServerUpdateThread:112 - End of CheckServer Thread
2023-10-05 08:38:59,322 [INFO] MainUpdater:2671 - connection check result : 10
2023-10-05 08:38:59,624 [INFO] McuFinderGlobals:52 - Set McuFinderConnectedMode to false
2023-10-05 08:38:59,699 [INFO] CrossSelectorPresenter:1330 - Cross Selector saved comparison directory: C:\Users\taish\.stmcufinder\plugins\mcufinder\mcu\cs_comparisons_mx
2023-10-05 08:38:59,705 [INFO] MultiScanPanel:197 - Auto-refresh data requested => check proxy status ongoing
2023-10-05 08:38:59,705 [INFO] MultiScanPanel:201 - Proxy status is invalid
2023-10-05 08:38:59,709 [INFO] FinderPluginLoader:87 - Searching for filters in installed packs
2023-10-05 08:38:59,710 [INFO] DbMcusXml:100 - Load MCU database from C:\ST\STM32CubeIDE_1.7.0\STM32CubeIDE\plugins\com.st.stm32cube.common.mx_6.3.0.202107141111\\db\/mcu/families.xml
2023-10-05 08:39:00,395 [ERROR] Engine:463 - C:\Users\taish\.stm32cubemx\thirdparties\pdsc\STMicroelectronics.X-CUBE-SMBUS.2.1.0.pdsc: PDSC version is not supported
2023-10-05 08:39:00,488 [INFO] DbMcusJson:93 - JSON generation date=Tue Nov 16 23:17:54 ICT 2021 (1637079474)
2023-10-05 08:39:00,511 [WARN] PackLoader:238 - Cannot read IP mode file for STMicroelectronics.X-CUBE-AZRTOS-F7.1.1.0
2023-10-05 08:39:00,526 [ERROR] Engine:463 - C:\Users\taish\.stm32cubemx\thirdparties\pdsc\STMicroelectronics.FP-SNS-MOTENV1.4.3.2.pdsc: PDSC version is not supported
2023-10-05 08:39:00,535 [ERROR] Engine:463 - C:\Users\taish\.stm32cubemx\thirdparties\pdsc\STMicroelectronics.FP-SNS-FLIGHT1.5.0.2.pdsc: PDSC version is not supported
2023-10-05 08:39:00,544 [ERROR] Engine:463 - C:\Users\taish\.stm32cubemx\thirdparties\pdsc\STMicroelectronics.X-CUBE-DISPLAY.3.0.0.pdsc: PDSC version is not supported
2023-10-05 08:39:00,556 [WARN] PackLoader:238 - Cannot read IP mode file for STMicroelectronics.X-CUBE-BLE1.7.0.0
2023-10-05 08:39:00,564 [ERROR] Engine:463 - C:\Users\taish\.stm32cubemx\thirdparties\pdsc\emotas.I-CUBE-CANOPEN.1.3.0.pdsc: PDSC version is not supported
2023-10-05 08:39:00,585 [WARN] PackLoader:238 - Cannot read IP mode file for STMicroelectronics.X-CUBE-TOUCHGFX.4.22.0
2023-10-05 08:39:00,599 [WARN] PackLoader:238 - Cannot read IP mode file for STMicroelectronics.X-CUBE-TOUCHGFX.4.22.1
2023-10-05 08:39:00,609 [ERROR] Engine:463 - C:\Users\taish\.stm32cubemx\thirdparties\pdsc\STMicroelectronics.FP-SNS-SMARTAG2.1.2.0.pdsc: PDSC version is not supported
2023-10-05 08:39:00,626 [INFO] LogOutputStream:76 - [STDOUT_REDIRECT] 1 : Invalid condition id : UX_CORESTACK_Condition cause : null
2023-10-05 08:39:00,627 [INFO] LogOutputStream:76 - [STDOUT_REDIRECT] 1 : Invalid condition id : UX_CORESTACK_Condition cause : null
2023-10-05 08:39:00,627 [INFO] LogOutputStream:76 - [STDOUT_REDIRECT] 1 : Invalid condition id : UX_CORESTACK_Condition cause : null
2023-10-05 08:39:00,628 [INFO] LogOutputStream:76 - [STDOUT_REDIRECT] 1 : Invalid condition id : UX_CORESTACK_Condition cause : null
2023-10-05 08:39:00,638 [INFO] LogOutputStream:76 - [STDOUT_REDIRECT] 1 : Invalid condition id : UX_CORESTACK_Condition cause : null
2023-10-05 08:39:00,642 [WARN] PackLoader:238 - Cannot read IP mode file for STMicroelectronics.X-CUBE-AZRTOS-WL.2.0.0
2023-10-05 08:39:00,654 [WARN] PackLoader:238 - Cannot read IP mode file for WES.I-CUBE-Cesium.1.3.0
2023-10-05 08:39:00,663 [WARN] PackLoader:238 - Cannot read IP mode file for STMicroelectronics.X-CUBE-BLE2.3.3.0
2023-10-05 08:39:00,677 [WARN] PackLoader:238 - Cannot read IP mode file for STMicroelectronics.X-CUBE-ALGOBUILD.1.3.0
2023-10-05 08:39:00,703 [WARN] PackLoader:238 - Cannot read IP mode file for STMicroelectronics.X-CUBE-AZRTOS-G0.1.1.0
2023-10-05 08:39:00,727 [WARN] PackLoader:238 - Cannot read IP mode file for STMicroelectronics.X-CUBE-NFC4.3.0.0
2023-10-05 08:39:00,738 [WARN] PackLoader:238 - Cannot read IP mode file for STMicroelectronics.FP-ATR-SIGFOX1.3.2.0
2023-10-05 08:39:00,788 [WARN] PackLoader:238 - Cannot read IP mode file for SEGGER.I-CUBE-embOS.1.3.1
2023-10-05 08:39:00,876 [WARN] PackLoader:238 - Cannot read IP mode file for STMicroelectronics.X-CUBE-GNSS1.6.0.0
2023-10-05 08:39:00,902 [WARN] PackLoader:238 - Cannot read IP mode file for STMicroelectronics.X-CUBE-AZRTOS-F4.1.1.0
2023-10-05 08:39:00,919 [WARN] PackLoader:238 - Cannot read IP mode file for wolfSSL.I-CUBE-wolfSSL.5.6.3
2023-10-05 08:39:00,964 [WARN] PackLoader:238 - Cannot read IP mode file for STMicroelectronics.X-CUBE-AZRTOS-L5.2.0.0
2023-10-05 08:39:01,016 [WARN] PackLoader:238 - Cannot read IP mode file for STMicroelectronics.X-CUBE-MEMS1.9.6.0
2023-10-05 08:39:01,118 [INFO] DbMcus:175 - Found 1951 MCUs (1903 are supported by CubeMX, 1914 are visible in CubeMX)
2023-10-05 08:39:01,119 [INFO] ApiDb:251 - Load user favorites file C:\Users\taish/.stm32cubeide/favorites.mcus.txt: 0 item(s)
2023-10-05 08:39:01,119 [INFO] ApiDb:255 - User favorites MCUs=[]
2023-10-05 08:39:01,119 [INFO] DbMcus:187 - Set 0 / 0 favorites MCUs
2023-10-05 08:39:01,215 [ERROR] Engine:463 - C:\Users\taish\.stm32cubemx\thirdparties\pdsc\ITTIA_DB.I-CUBE-ITTIADB.8.8.0.pdsc: PDSC version is not supported
2023-10-05 08:39:01,238 [WARN] PackLoader:238 - Cannot read IP mode file for STMicroelectronics.X-CUBE-BLEMGR.2.0.0
2023-10-05 08:39:01,273 [WARN] ConditionMgr:437 - getConditionDescription Invalid condition id : UX DEVICE CLASS RTOS Condition cause : null
2023-10-05 08:39:01,273 [WARN] ConditionMgr:437 - getConditionDescription Invalid condition id : UX DEVICE CLASS RTOS Condition cause : null
2023-10-05 08:39:01,279 [WARN] PackLoader:238 - Cannot read IP mode file for STMicroelectronics.X-CUBE-AZRTOS-H7.3.1.0
2023-10-05 08:39:01,279 [WARN] ConditionMgr:1038 - genDependencies : Invalid condition id : UX DEVICE CLASS RTOS Condition cause : null
2023-10-05 08:39:01,280 [WARN] ConditionMgr:1038 - genDependencies : Invalid condition id : UX DEVICE CLASS RTOS Condition cause : null
2023-10-05 08:39:01,280 [WARN] ConditionMgr:1038 - genDependencies : Invalid condition id : UX DEVICE CLASS RTOS Condition cause : null
2023-10-05 08:39:01,280 [WARN] ConditionMgr:1038 - genDependencies : Invalid condition id : UX DEVICE CLASS RTOS Condition cause : null
2023-10-05 08:39:01,280 [WARN] ConditionMgr:1038 - genDependencies : Invalid condition id : UX DEVICE CLASS RTOS Condition cause : null
2023-10-05 08:39:01,292 [WARN] PackLoader:238 - Cannot read IP mode file for STMicroelectronics.X-CUBE-NFC7.1.0.1
2023-10-05 08:39:01,303 [WARN] PackLoader:238 - Cannot read IP mode file for STMicroelectronics.X-CUBE-NFC6.3.0.0
2023-10-05 08:39:01,320 [WARN] PackLoader:238 - Cannot read IP mode file for STMicroelectronics.X-CUBE-EEPRMA1.4.1.0
2023-10-05 08:39:01,342 [WARN] PackLoader:238 - Cannot read IP mode file for STMicroelectronics.X-CUBE-AI.8.1.0
2023-10-05 08:39:01,367 [WARN] ConditionMgr:437 - getConditionDescription Invalid condition id : LAN8742 Phy interface Condition cause : null
2023-10-05 08:39:01,368 [WARN] PackLoader:238 - Cannot read IP mode file for STMicroelectronics.X-CUBE-AZRTOS-L4.2.0.0
2023-10-05 08:39:01,369 [WARN] ConditionMgr:1038 - genDependencies : Invalid condition id : LAN8742 Phy interface Condition cause : null
2023-10-05 08:39:01,369 [WARN] ConditionMgr:1038 - genDependencies : Invalid condition id : LAN8742 Phy interface Condition cause : null
2023-10-05 08:39:01,370 [WARN] ConditionMgr:1038 - genDependencies : Invalid condition id : LAN8742 Phy interface Condition cause : null
2023-10-05 08:39:01,382 [WARN] PackLoader:238 - Cannot read IP mode file for STMicroelectronics.X-CUBE-SFXS2LP1.4.0.0
2023-10-05 08:39:01,392 [WARN] PackLoader:238 - Cannot read IP mode file for STMicroelectronics.X-CUBE-ISPU.1.1.0
2023-10-05 08:39:01,411 [WARN] ConditionMgr:437 - getConditionDescription Invalid condition id : UX DEVICE CLASS RTOS Condition cause : null
2023-10-05 08:39:01,412 [WARN] ConditionMgr:437 - getConditionDescription Invalid condition id : UX DEVICE CLASS RTOS Condition cause : null
2023-10-05 08:39:01,413 [WARN] PackLoader:238 - Cannot read IP mode file for STMicroelectronics.X-CUBE-AZRTOS-WB.2.0.0
2023-10-05 08:39:01,414 [WARN] ConditionMgr:1038 - genDependencies : Invalid condition id : UX DEVICE CLASS RTOS Condition cause : null
2023-10-05 08:39:01,414 [WARN] ConditionMgr:1038 - genDependencies : Invalid condition id : UX DEVICE CLASS RTOS Condition cause : null
2023-10-05 08:39:01,414 [WARN] ConditionMgr:1038 - genDependencies : Invalid condition id : UX DEVICE CLASS RTOS Condition cause : null
2023-10-05 08:39:01,414 [WARN] ConditionMgr:1038 - genDependencies : Invalid condition id : UX DEVICE CLASS RTOS Condition cause : null
2023-10-05 08:39:01,414 [WARN] ConditionMgr:1038 - genDependencies : Invalid condition id : UX DEVICE CLASS RTOS Condition cause : null
2023-10-05 08:39:01,430 [WARN] PackLoader:238 - Cannot read IP mode file for STMicroelectronics.X-CUBE-SUBG2.5.0.0
2023-10-05 08:39:01,446 [ERROR] Engine:463 - C:\Users\taish\.stm32cubemx\thirdparties\pdsc\STMicroelectronics.X-CUBE-TOF1.3.3.1.pdsc: PDSC version is not supported
2023-10-05 08:39:01,467 [WARN] PackLoader:238 - Cannot read IP mode file for STMicroelectronics.X-CUBE-AZRTOS-G4.2.0.0
2023-10-05 08:39:01,475 [ERROR] Engine:463 - C:\Users\taish\.stm32cubemx\thirdparties\pdsc\STMicroelectronics.X-CUBE-FREERTOS.1.1.0.pdsc: PDSC version is not supported
2023-10-05 08:39:01,493 [WARN] PackLoader:238 - Cannot read IP mode file for portGmbH.I-Cube-SoM-uGOAL.1.1.0
2023-10-05 08:39:01,501 [WARN] PackLoader:238 - Cannot read IP mode file for STMicroelectronics.X-CUBE-ALS.1.0.1
2023-10-05 08:39:01,509 [WARN] PackLoader:238 - Cannot read IP mode file for STMicroelectronics.FP-ATR-ASTRA1.2.0.0
2023-10-05 08:39:01,509 [INFO] ThirdParty:915 - Integrity check success = true
2023-10-05 08:39:01,509 [INFO] IntegrityCheckThread:94 - exiting critical section [integrity check]
2023-10-05 08:39:01,509 [INFO] IntegrityCheckThread:97 - End integrity checks thread
2023-10-05 08:39:01,560 [INFO] DetailPanel:309 - Set advertising image to C:/Users/taish/STM32Cube/Repository/\en.prom-stm32h5-mcu-finder.jpg
2023-10-05 08:39:01,898 [INFO] DbBoardsPdsc:90 - Found 25 items
2023-10-05 08:39:01,906 [INFO] DbBoardsPdsc:90 - Found 9 items
2023-10-05 08:39:01,916 [INFO] DbBoardsPdsc:90 - Found 33 items
2023-10-05 08:39:01,923 [INFO] DbBoardsPdsc:90 - Found 1 items
2023-10-05 08:39:01,937 [INFO] DbBoardsPdsc:90 - Found 48 items
2023-10-05 08:39:01,948 [INFO] DbBoardsPdsc:90 - Found 43 items
2023-10-05 08:39:01,956 [INFO] DbBoardsPdsc:90 - Found 2 items
2023-10-05 08:39:01,963 [INFO] DbBoardsPdsc:90 - Found 5 items
2023-10-05 08:39:01,966 [WARN] DbBoardsPdsc:254 - Board STM32H7B3I-DK: unknown feature type=Audio, name=, username=Audio stereo codec with Headphone Amp (CS42L51-CNZ), n=1
2023-10-05 08:39:01,967 [WARN] DbBoardsPdsc:254 - Board STM32H735G-DK: unknown feature type=Audio, name=, username=Audio stereo codec with Headphone Amp (WM8994ECS/R), n=1
2023-10-05 08:39:01,969 [WARN] DbBoardsPdsc:254 - Board STM32H7B3I-EVAL: unknown feature type=Audio, name=, username=Multi-Channel Audio Codec (CS42L51-CNZ), n=1
2023-10-05 08:39:01,969 [WARN] DbBoardsPdsc:254 - Board STM32H7B3I-EVAL: unknown feature type=Meter, name=, username=Power-metering and Temperature-monitoring with sigma-delta modulators, n=1
2023-10-05 08:39:01,969 [WARN] DbBoardsPdsc:254 - Board STM32H7B3I-EVAL: unknown feature type=Motor, name=, username=Motor Control, n=1
2023-10-05 08:39:01,970 [WARN] DbBoardsPdsc:254 - Board STM32U575I-EV: unknown feature type=joystick, name=, username=4-direction joystick with selection button, n=1
2023-10-05 08:39:01,999 [INFO] DbBoardsJson:86 - JSON generation date=Tue Nov 16 23:17:54 ICT 2021 (1637079474)
2023-10-05 08:39:02,004 [INFO] DbBoards:117 - Found 167 boards (163 are supported by CubeMX)
2023-10-05 08:39:02,012 [INFO] DbBoardsDocs:143 - JSON generation date=Tue Nov 16 23:17:54 ICT 2021 (1637079474)
2023-10-05 08:39:02,015 [INFO] DbBoardsDocs:79 - Found 209 boards documents
2023-10-05 08:39:02,016 [WARN] DbBoards:127 - board B-L475E-IOT01A2 has no document id list !
2023-10-05 08:39:02,016 [WARN] DbBoards:127 - board NUCLEO-H743ZI has no document id list !
2023-10-05 08:39:02,017 [WARN] DbBoards:127 - board NUCLEO-WL55JC2 has no document id list !
2023-10-05 08:39:02,017 [WARN] DbBoards:127 - board P-NUCLEO-WB55-Nucleo has no document id list !
2023-10-05 08:39:02,018 [WARN] DbBoards:127 - board P-NUCLEO-WB55-USBDongle has no document id list !
2023-10-05 08:39:02,018 [WARN] DbBoards:127 - board STEVAL-BFA001V1B has no document id list !
2023-10-05 08:39:02,018 [WARN] DbBoards:127 - board STEVAL-BFA001V2B has no document id list !
2023-10-05 08:39:02,018 [WARN] DbBoards:127 - board STEVAL-IDP005V1 has no document id list !
2023-10-05 08:39:02,018 [WARN] DbBoards:127 - board STEVAL-IDP005V2 has no document id list !
2023-10-05 08:39:02,018 [WARN] DbBoards:127 - board STEVAL-MKSBOX1V1 has no document id list !
2023-10-05 08:39:02,018 [WARN] DbBoards:127 - board STEVAL-STWINKT1 has no document id list !
2023-10-05 08:39:02,018 [WARN] DbBoards:127 - board STEVAL-STWINKT1B has no document id list !
2023-10-05 08:39:02,018 [WARN] DbBoards:127 - board STM32439I-EVAL2 has no document id list !
2023-10-05 08:39:02,018 [WARN] DbBoards:127 - board STM32F401C-DISCO has no document id list !
2023-10-05 08:39:02,019 [WARN] DbBoards:127 - board STM32F769I-DISC1 has no document id list !
2023-10-05 08:39:02,019 [WARN] DbBoards:127 - board STM32G474E-EVAL1 has no document id list !
2023-10-05 08:39:02,019 [WARN] DbBoards:127 - board STM32H743I-EVAL2 has no document id list !
2023-10-05 08:39:02,019 [WARN] DbBoards:127 - board STM32H747I-DISC1 has no document id list !
2023-10-05 08:39:02,020 [WARN] DbBoards:127 - board STM32H753I-EVAL2 has no document id list !
2023-10-05 08:39:02,020 [WARN] DbBoards:127 - board STM32L-DISCOVERY has no document id list !
2023-10-05 08:39:02,127 [ERROR] DbBoards:189 - Image file not found for board B-U585I-IOT02A: C:\ST\STM32CubeIDE_1.7.0\STM32CubeIDE\plugins\com.st.stm32cube.common.mx_6.3.0.202107141111\\db\/plugins/mcufinder/images/boards/B-U585I-IOT02A_small.jpg
2023-10-05 08:39:02,208 [ERROR] DbBoards:189 - Image file not found for board NUCLEO-F413ZH: C:\ST\STM32CubeIDE_1.7.0\STM32CubeIDE\plugins\com.st.stm32cube.common.mx_6.3.0.202107141111\\db\/plugins/mcufinder/images/boards/nucleo-f413zh_small.jpg
2023-10-05 08:39:02,367 [ERROR] DbBoards:189 - Image file not found for board NUCLEO-L552ZE-Q: C:\ST\STM32CubeIDE_1.7.0\STM32CubeIDE\plugins\com.st.stm32cube.common.mx_6.3.0.202107141111\\db\/plugins/mcufinder/images/boards/nucleo_l552ze_q_small.jpg
2023-10-05 08:39:02,367 [ERROR] DbBoards:189 - Image file not found for board NUCLEO-U575ZI-Q: C:\ST\STM32CubeIDE_1.7.0\STM32CubeIDE\plugins\com.st.stm32cube.common.mx_6.3.0.202107141111\\db\/plugins/mcufinder/images/boards/nucleo-u575zi-q_small.jpg
2023-10-05 08:39:02,367 [ERROR] DbBoards:189 - Image file not found for board NUCLEO-WB15CC: C:\ST\STM32CubeIDE_1.7.0\STM32CubeIDE\plugins\com.st.stm32cube.common.mx_6.3.0.202107141111\\db\/plugins/mcufinder/images/boards/nucleo-wb15cc_small.jpg
2023-10-05 08:39:02,367 [ERROR] DbBoards:189 - Image file not found for board NUCLEO-WB55RG: C:\ST\STM32CubeIDE_1.7.0\STM32CubeIDE\plugins\com.st.stm32cube.common.mx_6.3.0.202107141111\\db\/plugins/mcufinder/images/boards/nucleo-wb55rg_small.jpg
2023-10-05 08:39:03,327 [INFO] ApiDb:251 - Load user favorites file C:\Users\taish/.stm32cubeide/favorites.boards.txt: 0 item(s)
2023-10-05 08:39:03,328 [INFO] ApiDb:255 - User favorites Boards=[]
2023-10-05 08:39:03,328 [INFO] DbBoards:206 - Set 0 / 0 favorites Boards
2023-10-05 08:39:14,525 [INFO] DbMcusDocs:143 - JSON generation date=Tue Nov 16 23:17:54 ICT 2021 (1637079474)
2023-10-05 08:39:14,811 [INFO] DbMcusDocs:79 - Found 682 MCUs documents
2023-10-05 08:39:26,405 [INFO] MainUpdater:2671 - connection check result : 10
2023-10-05 08:39:26,405 [INFO] MainUpdater:2671 - connection check result : 10
2023-10-05 08:39:26,443 [INFO] MicroXplorer:448 - Change Database Path : 
2023-10-05 08:39:26,444 [INFO] MicroXplorer:478 - Change Database Version : DB.6.0.30
2023-10-05 08:39:26,444 [WARN] ThirdParty:813 - waiting for thirdparty lock release [close project]
2023-10-05 08:39:26,444 [INFO] ThirdParty:815 - entering critical section [close project]
2023-10-05 08:39:26,445 [INFO] ThirdParty:825 - exiting critical section [close project]
2023-10-05 08:39:26,448 [INFO] PinOutPanel:1463 - setPackage(No Configuration,No Configuration)
2023-10-05 08:39:26,449 [INFO] UtilMem:74 - Begin LoadConfig() Used Memory: 367958696 Bytes (562036736)
2023-10-05 08:39:26,450 [INFO] MicroXplorer:448 - Change Database Path : 
2023-10-05 08:39:26,450 [INFO] MicroXplorer:478 - Change Database Version : DB.6.0.30
2023-10-05 08:39:26,450 [INFO] OpenFileManager:313 - Change cursor
2023-10-05 08:39:27,054 [INFO] Context:592 - Trying to add GPIOservice into a context  which must be forbidden
2023-10-05 08:39:27,213 [INFO] ImportTextPane:167 - (OptionalMessage_ERROR) Unable to find key (Mcu.ThirdPartyNb) in loaded IOC file
2023-10-05 08:39:27,213 [INFO] ImportTextPane:167 - (OptionalMessage_ERROR) Unable to find key (Mcu.PinsNb) in loaded IOC file
2023-10-05 08:39:27,213 [INFO] ImportTextPane:167 - (OptionalMessage_ERROR) Unable to find key (Mcu.IPNb) in loaded IOC file
2023-10-05 08:39:27,246 [WARN] ApiManager:304 - Cannot register API 'Board Extension:GNSS1A1' from pack STMicroelectronics.X-CUBE-GNSS1.6.0.0: no header file found
2023-10-05 08:39:27,246 [WARN] ApiManager:304 - Cannot register API 'Board Support:Custom' from pack STMicroelectronics.X-CUBE-GNSS1.6.0.0: no header file found
2023-10-05 08:39:27,246 [WARN] ApiManager:304 - Cannot register API 'Data Exchange:lib_gnss' from pack STMicroelectronics.X-CUBE-GNSS1.6.0.0: no header file found
2023-10-05 08:39:27,251 [WARN] ApiManager:304 - Cannot register API 'Wireless:BlueNRG-MS' from pack STMicroelectronics.X-CUBE-BLE1.7.0.0: no header file found
2023-10-05 08:39:27,253 [WARN] ModelIntegratedComponent:60 - No mode defined for component null
2023-10-05 08:39:27,253 [WARN] ModelIntegratedComponent:60 - No mode defined for component null
2023-10-05 08:39:27,253 [WARN] ModelIntegratedComponent:60 - No mode defined for component null
2023-10-05 08:39:27,253 [WARN] ModelIntegratedComponent:60 - No mode defined for component null
2023-10-05 08:39:27,253 [WARN] ModelIntegratedComponent:60 - No mode defined for component null
2023-10-05 08:39:27,253 [WARN] ModelIntegratedComponent:60 - No mode defined for component null
2023-10-05 08:39:27,254 [WARN] ModelIntegratedComponent:60 - No mode defined for component null
2023-10-05 08:39:27,254 [WARN] ModelIntegratedComponent:60 - No mode defined for component null
2023-10-05 08:39:27,254 [WARN] ModelIntegratedComponent:60 - No mode defined for component null
2023-10-05 08:39:27,254 [WARN] ModelIntegratedComponent:60 - No mode defined for component null
2023-10-05 08:39:27,254 [WARN] ModelIntegratedComponent:60 - No mode defined for component null
2023-10-05 08:39:27,254 [WARN] ModelIntegratedComponent:60 - No mode defined for component null
2023-10-05 08:39:27,254 [WARN] ModelIntegratedComponent:60 - No mode defined for component null
2023-10-05 08:39:27,254 [WARN] ModelIntegratedComponent:60 - No mode defined for component null
2023-10-05 08:39:27,254 [WARN] ModelIntegratedComponent:60 - No mode defined for component null
2023-10-05 08:39:27,254 [WARN] ModelIntegratedComponent:60 - No mode defined for component null
2023-10-05 08:39:27,254 [WARN] ModelIntegratedComponent:60 - No mode defined for component null
2023-10-05 08:39:27,254 [WARN] ModelIntegratedComponent:60 - No mode defined for component null
2023-10-05 08:39:27,254 [WARN] ModelIntegratedComponent:60 - No mode defined for component null
2023-10-05 08:39:27,254 [WARN] ModelIntegratedComponent:60 - No mode defined for component null
2023-10-05 08:39:27,254 [WARN] ModelIntegratedComponent:60 - No mode defined for component null
2023-10-05 08:39:27,254 [WARN] ModelIntegratedComponent:60 - No mode defined for component null
2023-10-05 08:39:27,255 [WARN] ModelIntegratedComponent:60 - No mode defined for component null
2023-10-05 08:39:27,255 [WARN] ModelIntegratedComponent:60 - No mode defined for component null
2023-10-05 08:39:27,255 [WARN] ModelIntegratedComponent:60 - No mode defined for component null
2023-10-05 08:39:27,255 [WARN] ModelIntegratedComponent:60 - No mode defined for component null
2023-10-05 08:39:27,255 [WARN] ModelIntegratedComponent:60 - No mode defined for component null
2023-10-05 08:39:27,255 [WARN] ModelIntegratedComponent:60 - No mode defined for component null
2023-10-05 08:39:27,255 [WARN] ModelIntegratedComponent:60 - No mode defined for component null
2023-10-05 08:39:27,255 [WARN] ModelIntegratedComponent:60 - No mode defined for component null
2023-10-05 08:39:27,255 [WARN] ModelIntegratedComponent:60 - No mode defined for component null
2023-10-05 08:39:27,258 [WARN] ApiManager:304 - Cannot register API 'Board Extension:NFC07A1' from pack STMicroelectronics.X-CUBE-NFC7.1.0.1: no header file found
2023-10-05 08:39:27,262 [WARN] ApiManager:304 - Cannot register API 'Board Extension:NFC06A1' from pack STMicroelectronics.X-CUBE-NFC6.3.0.0: no header file found
2023-10-05 08:39:27,262 [WARN] ApiManager:304 - Cannot register API 'Board Extension:NFC08A1' from pack STMicroelectronics.X-CUBE-NFC6.3.0.0: no header file found
2023-10-05 08:39:27,263 [WARN] ApiManager:304 - Cannot register API 'Board Extension:EEPRMA1' from pack STMicroelectronics.X-CUBE-EEPRMA1.4.1.0: no header file found
2023-10-05 08:39:27,263 [WARN] ApiManager:304 - Cannot register API 'Board Extension:EEPRMA2' from pack STMicroelectronics.X-CUBE-EEPRMA1.4.1.0: no header file found
2023-10-05 08:39:27,263 [WARN] ApiManager:304 - Cannot register API 'Board Extension:PGEEZ1' from pack STMicroelectronics.X-CUBE-EEPRMA1.4.1.0: no header file found
2023-10-05 08:39:27,263 [WARN] ApiManager:304 - Cannot register API 'Board Part:M24' from pack STMicroelectronics.X-CUBE-EEPRMA1.4.1.0: no header file found
2023-10-05 08:39:27,263 [WARN] ApiManager:304 - Cannot register API 'Board Part:M95' from pack STMicroelectronics.X-CUBE-EEPRMA1.4.1.0: no header file found
2023-10-05 08:39:27,263 [WARN] ApiManager:304 - Cannot register API 'Board Part:M95P32' from pack STMicroelectronics.X-CUBE-EEPRMA1.4.1.0: no header file found
2023-10-05 08:39:27,263 [WARN] ApiManager:304 - Cannot register API 'PGEEZ1:SPI' from pack STMicroelectronics.X-CUBE-EEPRMA1.4.1.0: no header file found
2023-10-05 08:39:27,263 [WARN] ApiManager:304 - Cannot register API 'PGEEZ1:QDSPI' from pack STMicroelectronics.X-CUBE-EEPRMA1.4.1.0: no header file found
2023-10-05 08:39:27,434 [WARN] ApiManager:304 - Cannot register API 'Board Extension:IKS01A3' from pack STMicroelectronics.X-CUBE-MEMS1.9.6.0: no header file found
2023-10-05 08:39:27,435 [WARN] ApiManager:304 - Cannot register API 'Board Extension:IKS01A2' from pack STMicroelectronics.X-CUBE-MEMS1.9.6.0: no header file found
2023-10-05 08:39:27,435 [WARN] ApiManager:304 - Cannot register API 'Board Extension:IKS02A1' from pack STMicroelectronics.X-CUBE-MEMS1.9.6.0: no header file found
2023-10-05 08:39:27,445 [INFO] RtosManager:484 - Registered RTOS mode: class=CMSIS, group=RTOS, mode=CMSIS_V1, owner=FREERTOS
2023-10-05 08:39:27,445 [INFO] RtosManager:484 - Registered RTOS mode: class=CMSIS, group=RTOS2, mode=CMSIS_V2, owner=FREERTOS
2023-10-05 08:39:27,445 [INFO] RtosManager:484 - Registered RTOS mode: class=RTOS, group=Core, mode=CMSIS_V1, owner=FREERTOS
2023-10-05 08:39:27,445 [INFO] RtosManager:484 - Registered RTOS mode: class=RTOS, group=Core, mode=CMSIS_V2, owner=FREERTOS
2023-10-05 08:39:27,445 [WARN] ModelIntegratedComponent:181 - Missing modes for component STMicroelectronics:FreeRTOS:0.0.1:STMicroelectronics:RTOS:FreeRTOS:Core:::10.2.0:
2023-10-05 08:39:27,448 [WARN] ApiManager:304 - Cannot register API 'Board Extension:NFC04A1' from pack STMicroelectronics.X-CUBE-NFC4.3.0.0: no header file found
2023-10-05 08:39:27,451 [WARN] ApiManager:304 - Cannot register API 'Board Extension:S2868A1' from pack STMicroelectronics.X-CUBE-SUBG2.5.0.0: no header file found
2023-10-05 08:39:27,451 [WARN] ApiManager:304 - Cannot register API 'Board Extension:S2868A2' from pack STMicroelectronics.X-CUBE-SUBG2.5.0.0: no header file found
2023-10-05 08:39:27,451 [WARN] ApiManager:304 - Cannot register API 'Board Extension:S2915A1' from pack STMicroelectronics.X-CUBE-SUBG2.5.0.0: no header file found
2023-10-05 08:39:27,453 [WARN] ApiManager:304 - Cannot register API 'Board Extension:S2868A1' from pack STMicroelectronics.X-CUBE-SFXS2LP1.4.0.0: no header file found
2023-10-05 08:39:27,453 [WARN] ApiManager:304 - Cannot register API 'Board Extension:S2868A2' from pack STMicroelectronics.X-CUBE-SFXS2LP1.4.0.0: no header file found
2023-10-05 08:39:27,453 [WARN] ApiManager:304 - Cannot register API 'Board Extension:S2915A1' from pack STMicroelectronics.X-CUBE-SFXS2LP1.4.0.0: no header file found
2023-10-05 08:39:27,454 [WARN] ApiManager:304 - Cannot register API 'Wireless:BlueNRG-2' from pack STMicroelectronics.X-CUBE-BLE2.3.3.0: no header file found
2023-10-05 08:39:28,686 [INFO] UtilMem:74 - End LoadConfig() Used Memory: 449674584 Bytes (562036736)
2023-10-05 08:39:28,692 [WARN] ThirdParty:779 - waiting for thirdparty lock release [change project]
2023-10-05 08:39:28,692 [INFO] ThirdParty:781 - entering critical section [change project]
2023-10-05 08:39:28,693 [INFO] ThirdParty:967 - CMSIS Pack Vendor :STMicroelectronics X-CUBE-ISPU 1.1.0
2023-10-05 08:39:28,693 [INFO] ThirdParty:967 - CMSIS Pack Vendor :STMicroelectronics X-CUBE-GNSS1 6.0.0
2023-10-05 08:39:28,693 [INFO] ThirdParty:967 - CMSIS Pack Vendor :STMicroelectronics USB_HOST 2.0.0
2023-10-05 08:39:28,693 [INFO] ThirdParty:967 - CMSIS Pack Vendor :STMicroelectronics X-CUBE-AZRTOS-F4 1.1.0
2023-10-05 08:39:28,693 [INFO] ThirdParty:967 - CMSIS Pack Vendor :STMicroelectronics X-CUBE-BLE1 7.0.0
2023-10-05 08:39:28,693 [INFO] ThirdParty:967 - CMSIS Pack Vendor :STMicroelectronics FP-ATR-SIGFOX1 3.2.0
2023-10-05 08:39:28,693 [INFO] ThirdParty:967 - CMSIS Pack Vendor :wolfSSL I-CUBE-wolfSSL 5.6.3
2023-10-05 08:39:28,693 [INFO] ThirdParty:967 - CMSIS Pack Vendor :STMicroelectronics USB_DEVICE 3.0.0
2023-10-05 08:39:28,693 [INFO] ThirdParty:967 - CMSIS Pack Vendor :STMicroelectronics HAL Drivers 0.0.0
2023-10-05 08:39:28,693 [INFO] ThirdParty:967 - CMSIS Pack Vendor :STMicroelectronics MBEDTLS 2.16.2
2023-10-05 08:39:28,693 [INFO] ThirdParty:967 - CMSIS Pack Vendor :STMicroelectronics X-CUBE-AZRTOS-WB 2.0.0
2023-10-05 08:39:28,693 [INFO] ThirdParty:967 - CMSIS Pack Vendor :STMicroelectronics X-CUBE-TOUCHGFX 4.22.0
2023-10-05 08:39:28,693 [INFO] ThirdParty:967 - CMSIS Pack Vendor :STMicroelectronics X-CUBE-NFC7 1.0.1
2023-10-05 08:39:28,693 [INFO] ThirdParty:967 - CMSIS Pack Vendor :STMicroelectronics MBEDTLS 2.14.1
2023-10-05 08:39:28,693 [INFO] ThirdParty:967 - CMSIS Pack Vendor :STMicroelectronics X-CUBE-TOUCHGFX 4.22.1
2023-10-05 08:39:28,693 [INFO] ThirdParty:967 - CMSIS Pack Vendor :STMicroelectronics X-CUBE-AZRTOS-F7 1.1.0
2023-10-05 08:39:28,693 [INFO] ThirdParty:967 - CMSIS Pack Vendor :STMicroelectronics X-CUBE-AZRTOS-L5 2.0.0
2023-10-05 08:39:28,693 [INFO] ThirdParty:967 - CMSIS Pack Vendor :STMicroelectronics X-CUBE-NFC6 3.0.0
2023-10-05 08:39:28,693 [INFO] ThirdParty:967 - CMSIS Pack Vendor :STMicroelectronics X-CUBE-EEPRMA1 4.1.0
2023-10-05 08:39:28,693 [INFO] ThirdParty:967 - CMSIS Pack Vendor :portGmbH I-Cube-SoM-uGOAL 1.1.0
2023-10-05 08:39:28,693 [INFO] ThirdParty:967 - CMSIS Pack Vendor :STMicroelectronics X-CUBE-ALS 1.0.1
2023-10-05 08:39:28,694 [INFO] ThirdParty:967 - CMSIS Pack Vendor :STMicroelectronics USB_DEVICE 2.0.0
2023-10-05 08:39:28,694 [INFO] ThirdParty:967 - CMSIS Pack Vendor :STMicroelectronics X-CUBE-MEMS1 9.6.0
2023-10-05 08:39:28,694 [INFO] ThirdParty:967 - CMSIS Pack Vendor :STMicroelectronics X-CUBE-AZRTOS-WL 2.0.0
2023-10-05 08:39:28,694 [INFO] ThirdParty:967 - CMSIS Pack Vendor :STMicroelectronics X-CUBE-ALGOBUILD 1.3.0
2023-10-05 08:39:28,694 [INFO] ThirdParty:967 - CMSIS Pack Vendor :SEGGER I-CUBE-embOS 1.3.1
2023-10-05 08:39:28,694 [INFO] ThirdParty:967 - CMSIS Pack Vendor :STMicroelectronics FreeRTOS 0.0.1
2023-10-05 08:39:28,694 [INFO] ThirdParty:967 - CMSIS Pack Vendor :STMicroelectronics X-CUBE-AZRTOS-G0 1.1.0
2023-10-05 08:39:28,694 [INFO] ThirdParty:967 - CMSIS Pack Vendor :STMicroelectronics USB_DEVICE 1.0.0
2023-10-05 08:39:28,694 [INFO] ThirdParty:967 - CMSIS Pack Vendor :STMicroelectronics X-CUBE-BLEMGR 2.0.0
2023-10-05 08:39:28,694 [INFO] ThirdParty:967 - CMSIS Pack Vendor :STMicroelectronics X-CUBE-AI 8.1.0
2023-10-05 08:39:28,694 [INFO] ThirdParty:967 - CMSIS Pack Vendor :STMicroelectronics X-CUBE-NFC4 3.0.0
2023-10-05 08:39:28,694 [INFO] ThirdParty:967 - CMSIS Pack Vendor :STMicroelectronics X-CUBE-SUBG2 5.0.0
2023-10-05 08:39:28,694 [INFO] ThirdParty:967 - CMSIS Pack Vendor :STMicroelectronics X-CUBE-AZRTOS-L4 2.0.0
2023-10-05 08:39:28,694 [INFO] ThirdParty:967 - CMSIS Pack Vendor :STMicroelectronics ThreadX 0.0.2
2023-10-05 08:39:28,694 [INFO] ThirdParty:967 - CMSIS Pack Vendor :WES I-CUBE-Cesium 1.3.0
2023-10-05 08:39:28,694 [INFO] ThirdParty:967 - CMSIS Pack Vendor :STMicroelectronics FP-ATR-ASTRA1 2.0.0
2023-10-05 08:39:28,694 [INFO] ThirdParty:967 - CMSIS Pack Vendor :STMicroelectronics lwIP 2.0.3
2023-10-05 08:39:28,694 [INFO] ThirdParty:967 - CMSIS Pack Vendor :STMicroelectronics lwIP 2.1.2
2023-10-05 08:39:28,694 [INFO] ThirdParty:967 - CMSIS Pack Vendor :STMicroelectronics X-CUBE-SFXS2LP1 4.0.0
2023-10-05 08:39:28,694 [INFO] ThirdParty:967 - CMSIS Pack Vendor :STMicroelectronics X-CUBE-BLE2 3.3.0
2023-10-05 08:39:28,694 [INFO] ThirdParty:967 - CMSIS Pack Vendor :STMicroelectronics USB_HOST 1.0.0
2023-10-05 08:39:28,694 [INFO] ThirdParty:967 - CMSIS Pack Vendor :STMicroelectronics X-CUBE-AZRTOS-G4 2.0.0
2023-10-05 08:39:28,695 [INFO] ThirdParty:967 - CMSIS Pack Vendor :STMicroelectronics PDM2PCM 3.1.0
2023-10-05 08:39:28,695 [INFO] ThirdParty:967 - CMSIS Pack Vendor :STMicroelectronics X-CUBE-AZRTOS-H7 3.1.0
2023-10-05 08:39:28,695 [INFO] ThirdParty:967 - CMSIS Pack Vendor :STMicroelectronics PDM2PCM 3.2.0
2023-10-05 08:39:28,695 [INFO] ThirdParty:967 - CMSIS Pack Vendor :STMicroelectronics PDM2PCM 3.3.0
2023-10-05 08:39:28,695 [INFO] ThirdParty:787 - exiting critical section [change project]
2023-10-05 08:39:28,873 [INFO] PinOutPanel:1463 - setPackage(No Configuration,No Configuration)
2023-10-05 08:39:28,873 [INFO] PinOutPanel:1463 - setPackage(STM32F103C6Ux,UFQFPN48)
2023-10-05 08:39:29,183 [INFO] UtilMem:74 - Before build in PCC Used Memory: 254462896 Bytes (562036736)
2023-10-05 08:39:29,612 [INFO] UtilMem:74 - After build in PCC Used Memory: 332579760 Bytes (562036736)
2023-10-05 08:39:29,627 [INFO] IPUIPlugin:74 - create IPUIPlugin
2023-10-05 08:39:29,627 [INFO] IPUIPlugin:74 - create IPUIPlugin
2023-10-05 08:39:29,627 [INFO] IPUIPlugin:74 - create IPUIPlugin
2023-10-05 08:39:29,627 [INFO] IPUIPlugin:74 - create IPUIPlugin
2023-10-05 08:39:29,628 [INFO] IPUIPlugin:74 - create IPUIPlugin
2023-10-05 08:39:29,628 [INFO] IPUIPlugin:74 - create IPUIPlugin
2023-10-05 08:39:29,628 [INFO] IPUIPlugin:74 - create IPUIPlugin
2023-10-05 08:39:29,628 [INFO] IPUIPlugin:74 - create IPUIPlugin
2023-10-05 08:39:29,628 [INFO] IPUIPlugin:74 - create IPUIPlugin
2023-10-05 08:39:29,628 [INFO] IPUIPlugin:74 - create IPUIPlugin
2023-10-05 08:39:29,628 [INFO] IPUIPlugin:74 - create IPUIPlugin
2023-10-05 08:39:29,629 [INFO] IPUIPlugin:74 - create IPUIPlugin
2023-10-05 08:39:29,629 [INFO] IPUIPlugin:74 - create IPUIPlugin
2023-10-05 08:39:29,629 [INFO] IPUIPlugin:74 - create IPUIPlugin
2023-10-05 08:39:29,629 [INFO] IPUIPlugin:74 - create IPUIPlugin
2023-10-05 08:39:29,629 [INFO] IPUIPlugin:74 - create IPUIPlugin
2023-10-05 08:39:29,630 [INFO] IPUIPlugin:74 - create IPUIPlugin
2023-10-05 08:39:29,630 [INFO] IPUIPlugin:74 - create IPUIPlugin
2023-10-05 08:39:29,631 [INFO] IPUIPlugin:74 - create IPUIPlugin
2023-10-05 08:39:29,631 [INFO] IPUIPlugin:74 - create IPUIPlugin
2023-10-05 08:39:29,631 [INFO] IPUIPlugin:74 - create IPUIPlugin
2023-10-05 08:39:29,632 [INFO] IPUIPlugin:74 - create IPUIPlugin
2023-10-05 08:39:29,632 [INFO] IPUIPlugin:74 - create IPUIPlugin
2023-10-05 08:39:29,718 [INFO] OpenFileManager:333 - Restore cursor
2023-10-05 08:39:29,889 [INFO] UtilMem:74 - End SaveConfig() Used Memory: 398117808 Bytes (562036736)
2023-10-05 08:39:29,923 [INFO] UtilMem:74 - End SaveConfig() Used Memory: 410174384 Bytes (562036736)
2023-10-05 08:39:30,138 [INFO] BlockDiagram:2740 - set Specific Code input for plugin: NVIC
2023-10-05 08:39:30,138 [INFO] BlockDiagram:2740 - set Specific Code input for plugin: SYS
2023-10-05 08:39:30,138 [INFO] BlockDiagram:2740 - set Specific Code input for plugin: RCC
2023-10-05 08:39:30,139 [INFO] CodeGenerator:663 - code generatio: config db path: C:\ST\STM32CubeIDE_1.7.0\STM32CubeIDE\plugins\com.st.stm32cube.common.mx_6.3.0.202107141111\\db\
2023-10-05 08:39:30,384 [INFO] CodeEngine:239 - oldGeneratedFile, D:\STM32\lab2\ex1\MXTmpFiles\license.tmp_save
2023-10-05 08:39:30,632 [INFO] CodeEngine:257 - Generated code: D:\STM32\lab2\ex1\MXTmpFiles\license.tmp
2023-10-05 08:39:30,719 [INFO] CodeEngine:239 - oldGeneratedFile, D:\STM32\lab2\ex1\Core\Src\stm32f1xx_it.c_save
2023-10-05 08:39:30,811 [INFO] CodeEngine:257 - Generated code: D:\STM32\lab2\ex1\Core\Src\stm32f1xx_it.c
2023-10-05 08:39:30,818 [INFO] CodeEngine:239 - oldGeneratedFile, D:\STM32\lab2\ex1\Core\Inc\stm32f1xx_it.h_save
2023-10-05 08:39:30,870 [INFO] CodeEngine:257 - Generated code: D:\STM32\lab2\ex1\Core\Inc\stm32f1xx_it.h
2023-10-05 08:39:30,882 [INFO] CodeEngine:239 - oldGeneratedFile, D:\STM32\lab2\ex1\Core\Src\stm32f1xx_hal_msp.c_save
2023-10-05 08:39:30,964 [INFO] CodeEngine:257 - Generated code: D:\STM32\lab2\ex1\Core\Src\stm32f1xx_hal_msp.c
2023-10-05 08:39:30,981 [INFO] CodeEngine:239 - oldGeneratedFile, D:\STM32\lab2\ex1\MXTmpFiles\system.tmp_save
2023-10-05 08:39:31,047 [INFO] CodeEngine:257 - Generated code: D:\STM32\lab2\ex1\MXTmpFiles\system.tmp
2023-10-05 08:39:31,068 [INFO] CodeEngine:239 - oldGeneratedFile, D:\STM32\lab2\ex1\Core\Inc\stm32f1xx_hal_conf.h_save
2023-10-05 08:39:31,130 [INFO] CodeEngine:257 - Generated code: D:\STM32\lab2\ex1\Core\Inc\stm32f1xx_hal_conf.h
2023-10-05 08:39:31,169 [INFO] CodeEngine:239 - oldGeneratedFile, D:\STM32\lab2\ex1\Core\Inc\main.h_save
2023-10-05 08:39:31,231 [INFO] CodeEngine:257 - Generated code: D:\STM32\lab2\ex1\Core\Inc\main.h
2023-10-05 08:39:31,249 [INFO] CodeEngine:239 - oldGeneratedFile, D:\STM32\lab2\ex1\Core\Src\main.c_save
2023-10-05 08:39:31,330 [INFO] CodeEngine:257 - Generated code: D:\STM32\lab2\ex1\Core\Src\main.c
2023-10-05 08:39:32,055 [INFO] ProjectBuilder:2578 - Time for Copy HAL[1] : 64mS.
2023-10-05 08:39:32,058 [INFO] ProjectBuilder:3622 - Project Generator version: 3.14.1
2023-10-05 08:39:32,424 [INFO] ConfigFileManager:1271 - The Die is : DIE412
2023-10-05 08:39:32,451 [INFO] ApiDbMcu:468 - Load IP Config File for FATFS
2023-10-05 08:39:32,478 [INFO] ApiDbMcu:468 - Load IP Config File for FREERTOS
2023-10-05 08:39:32,513 [INFO] ApiDbMcu:468 - Load IP Config File for USB_DEVICE
2023-10-05 08:39:36,453 [INFO] ProjectBuilder:3789 - Time for Generating toolchain IDE Files: 4395mS.
2023-10-05 08:39:36,454 [INFO] ProjectBuilder:2457 - Time for Copy CMSIS : 1mS.
2023-10-05 08:39:36,454 [INFO] ProjectBuilder:2457 - Time for Copy CMSIS : 0mS.
2023-10-05 08:39:37,142 [INFO] McuFinderGlobals:52 - Set McuFinderConnectedMode to true
2023-10-05 08:39:37,143 [INFO] ApiDb:276 - Save user favorites file C:\Users\taish/.stm32cubeide/favorites.mcus.txt: 0 item(s)
2023-10-05 08:39:37,143 [INFO] ApiDb:280 - User favorites MCUs=[]
2023-10-05 10:07:35,713 [INFO] UtilMem:74 - End SaveConfig() Used Memory: 735404432 Bytes (828375040)
2023-10-05 10:07:36,609 [INFO] UtilMem:74 - End SaveConfig() Used Memory: 705662512 Bytes (828375040)
2023-10-05 10:07:38,900 [INFO] UtilMem:74 - End SaveConfig() Used Memory: 737002568 Bytes (828375040)
2023-10-05 10:07:39,195 [INFO] BlockDiagram:2740 - set Specific Code input for plugin: NVIC
2023-10-05 10:07:39,195 [INFO] BlockDiagram:2740 - set Specific Code input for plugin: SYS
2023-10-05 10:07:39,196 [INFO] BlockDiagram:2740 - set Specific Code input for plugin: GPIO
2023-10-05 10:07:39,196 [INFO] BlockDiagram:2740 - set Specific Code input for plugin: RCC
2023-10-05 10:07:39,196 [INFO] CodeGenerator:663 - code generatio: config db path: C:\ST\STM32CubeIDE_1.7.0\STM32CubeIDE\plugins\com.st.stm32cube.common.mx_6.3.0.202107141111\\db\
2023-10-05 10:07:39,451 [INFO] CodeEngine:239 - oldGeneratedFile, D:\STM32\lab2\ex1\MXTmpFiles\license.tmp_save
2023-10-05 10:07:39,504 [INFO] CodeEngine:257 - Generated code: D:\STM32\lab2\ex1\MXTmpFiles\license.tmp
2023-10-05 10:07:39,564 [INFO] CodeEngine:239 - oldGeneratedFile, D:\STM32\lab2\ex1\MXTmpFiles\gpio.tmp_save
2023-10-05 10:07:39,616 [INFO] CodeEngine:257 - Generated code: D:\STM32\lab2\ex1\MXTmpFiles\gpio.tmp
2023-10-05 10:07:39,641 [INFO] CodeEngine:239 - oldGeneratedFile, D:\STM32\lab2\ex1\Core\Src\stm32f1xx_it.c_save
2023-10-05 10:07:39,726 [INFO] CodeEngine:257 - Generated code: D:\STM32\lab2\ex1\Core\Src\stm32f1xx_it.c
2023-10-05 10:07:39,729 [INFO] CodeEngine:239 - oldGeneratedFile, D:\STM32\lab2\ex1\Core\Inc\stm32f1xx_it.h_save
2023-10-05 10:07:39,783 [INFO] CodeEngine:257 - Generated code: D:\STM32\lab2\ex1\Core\Inc\stm32f1xx_it.h
2023-10-05 10:07:39,796 [INFO] CodeEngine:239 - oldGeneratedFile, D:\STM32\lab2\ex1\Core\Src\stm32f1xx_hal_msp.c_save
2023-10-05 10:07:39,882 [INFO] CodeEngine:257 - Generated code: D:\STM32\lab2\ex1\Core\Src\stm32f1xx_hal_msp.c
2023-10-05 10:07:39,885 [INFO] CodeEngine:239 - oldGeneratedFile, D:\STM32\lab2\ex1\MXTmpFiles\system.tmp_save
2023-10-05 10:07:39,939 [INFO] CodeEngine:257 - Generated code: D:\STM32\lab2\ex1\MXTmpFiles\system.tmp
2023-10-05 10:07:39,959 [INFO] CodeEngine:239 - oldGeneratedFile, D:\STM32\lab2\ex1\Core\Inc\stm32f1xx_hal_conf.h_save
2023-10-05 10:07:40,056 [INFO] CodeEngine:257 - Generated code: D:\STM32\lab2\ex1\Core\Inc\stm32f1xx_hal_conf.h
2023-10-05 10:07:40,096 [INFO] CodeEngine:239 - oldGeneratedFile, D:\STM32\lab2\ex1\Core\Inc\main.h_save
2023-10-05 10:07:40,169 [INFO] CodeEngine:257 - Generated code: D:\STM32\lab2\ex1\Core\Inc\main.h
2023-10-05 10:07:40,179 [INFO] CodeEngine:239 - oldGeneratedFile, D:\STM32\lab2\ex1\Core\Src\main.c_save
2023-10-05 10:07:40,265 [INFO] CodeEngine:257 - Generated code: D:\STM32\lab2\ex1\Core\Src\main.c
2023-10-05 10:07:40,914 [INFO] ProjectBuilder:2578 - Time for Copy HAL[1] : 36mS.
2023-10-05 10:07:40,915 [INFO] ProjectBuilder:3622 - Project Generator version: 3.14.1
2023-10-05 10:07:41,260 [INFO] ConfigFileManager:1271 - The Die is : DIE412
2023-10-05 10:07:43,013 [INFO] ProjectBuilder:3789 - Time for Generating toolchain IDE Files: 2098mS.
2023-10-05 10:07:43,013 [INFO] ProjectBuilder:2457 - Time for Copy CMSIS : 0mS.
2023-10-05 10:07:43,013 [INFO] ProjectBuilder:2457 - Time for Copy CMSIS : 0mS.
2023-10-05 10:12:07,148 [INFO] UtilMem:74 - End SaveConfig() Used Memory: 848654904 Bytes (1073741824)
2023-10-05 10:12:08,085 [INFO] UtilMem:74 - End SaveConfig() Used Memory: 870488648 Bytes (1073741824)
2023-10-05 10:12:11,816 [INFO] UtilMem:74 - End SaveConfig() Used Memory: 742321416 Bytes (1073741824)
2023-10-05 10:12:12,014 [INFO] BlockDiagram:2740 - set Specific Code input for plugin: NVIC
2023-10-05 10:12:12,014 [INFO] BlockDiagram:2740 - set Specific Code input for plugin: SYS
2023-10-05 10:12:12,014 [INFO] BlockDiagram:2740 - set Specific Code input for plugin: GPIO
2023-10-05 10:12:12,014 [INFO] BlockDiagram:2740 - set Specific Code input for plugin: RCC
2023-10-05 10:12:12,015 [INFO] CodeGenerator:663 - code generatio: config db path: C:\ST\STM32CubeIDE_1.7.0\STM32CubeIDE\plugins\com.st.stm32cube.common.mx_6.3.0.202107141111\\db\
2023-10-05 10:12:12,195 [INFO] CodeEngine:239 - oldGeneratedFile, D:\STM32\lab2\ex1\MXTmpFiles\license.tmp_save
2023-10-05 10:12:12,235 [INFO] CodeEngine:257 - Generated code: D:\STM32\lab2\ex1\MXTmpFiles\license.tmp
2023-10-05 10:12:12,251 [INFO] CodeEngine:239 - oldGeneratedFile, D:\STM32\lab2\ex1\MXTmpFiles\gpio.tmp_save
2023-10-05 10:12:12,298 [INFO] CodeEngine:257 - Generated code: D:\STM32\lab2\ex1\MXTmpFiles\gpio.tmp
2023-10-05 10:12:12,321 [INFO] CodeEngine:239 - oldGeneratedFile, D:\STM32\lab2\ex1\Core\Src\stm32f1xx_it.c_save
2023-10-05 10:12:12,416 [INFO] CodeEngine:257 - Generated code: D:\STM32\lab2\ex1\Core\Src\stm32f1xx_it.c
2023-10-05 10:12:12,419 [INFO] CodeEngine:239 - oldGeneratedFile, D:\STM32\lab2\ex1\Core\Inc\stm32f1xx_it.h_save
2023-10-05 10:12:12,482 [INFO] CodeEngine:257 - Generated code: D:\STM32\lab2\ex1\Core\Inc\stm32f1xx_it.h
2023-10-05 10:12:12,492 [INFO] CodeEngine:239 - oldGeneratedFile, D:\STM32\lab2\ex1\Core\Src\stm32f1xx_hal_msp.c_save
2023-10-05 10:12:12,553 [INFO] CodeEngine:257 - Generated code: D:\STM32\lab2\ex1\Core\Src\stm32f1xx_hal_msp.c
2023-10-05 10:12:12,555 [INFO] CodeEngine:239 - oldGeneratedFile, D:\STM32\lab2\ex1\MXTmpFiles\system.tmp_save
2023-10-05 10:12:12,592 [INFO] CodeEngine:257 - Generated code: D:\STM32\lab2\ex1\MXTmpFiles\system.tmp
2023-10-05 10:12:12,621 [INFO] CodeEngine:239 - oldGeneratedFile, D:\STM32\lab2\ex1\Core\Inc\stm32f1xx_hal_conf.h_save
2023-10-05 10:12:12,701 [INFO] CodeEngine:257 - Generated code: D:\STM32\lab2\ex1\Core\Inc\stm32f1xx_hal_conf.h
2023-10-05 10:12:12,722 [INFO] CodeEngine:239 - oldGeneratedFile, D:\STM32\lab2\ex1\Core\Inc\main.h_save
2023-10-05 10:12:12,788 [INFO] CodeEngine:257 - Generated code: D:\STM32\lab2\ex1\Core\Inc\main.h
2023-10-05 10:12:12,797 [INFO] CodeEngine:239 - oldGeneratedFile, D:\STM32\lab2\ex1\Core\Src\main.c_save
2023-10-05 10:12:12,893 [INFO] CodeEngine:257 - Generated code: D:\STM32\lab2\ex1\Core\Src\main.c
2023-10-05 10:12:13,500 [INFO] ProjectBuilder:2578 - Time for Copy HAL[1] : 44mS.
2023-10-05 10:12:13,502 [INFO] ProjectBuilder:3622 - Project Generator version: 3.14.1
2023-10-05 10:12:13,836 [INFO] ConfigFileManager:1271 - The Die is : DIE412
2023-10-05 10:12:15,372 [INFO] ProjectBuilder:3789 - Time for Generating toolchain IDE Files: 1870mS.
2023-10-05 10:12:15,373 [INFO] ProjectBuilder:2457 - Time for Copy CMSIS : 1mS.
2023-10-05 10:12:15,373 [INFO] ProjectBuilder:2457 - Time for Copy CMSIS : 0mS.
2023-10-05 10:16:26,500 [INFO] UtilMem:74 - End SaveConfig() Used Memory: 883706720 Bytes (1073741824)
2023-10-05 10:16:27,348 [INFO] UtilMem:74 - End SaveConfig() Used Memory: 915931568 Bytes (1073741824)
2023-10-05 10:16:28,201 [INFO] UtilMem:74 - End SaveConfig() Used Memory: 734384960 Bytes (1073741824)
2023-10-05 10:16:28,419 [INFO] BlockDiagram:2740 - set Specific Code input for plugin: NVIC
2023-10-05 10:16:28,419 [INFO] BlockDiagram:2740 - set Specific Code input for plugin: SYS
2023-10-05 10:16:28,419 [INFO] BlockDiagram:2740 - set Specific Code input for plugin: GPIO
2023-10-05 10:16:28,419 [INFO] BlockDiagram:2740 - set Specific Code input for plugin: RCC
2023-10-05 10:16:28,420 [INFO] CodeGenerator:663 - code generatio: config db path: C:\ST\STM32CubeIDE_1.7.0\STM32CubeIDE\plugins\com.st.stm32cube.common.mx_6.3.0.202107141111\\db\
2023-10-05 10:16:28,615 [INFO] CodeEngine:239 - oldGeneratedFile, D:\STM32\lab2\ex1\MXTmpFiles\license.tmp_save
2023-10-05 10:16:28,694 [INFO] CodeEngine:257 - Generated code: D:\STM32\lab2\ex1\MXTmpFiles\license.tmp
2023-10-05 10:16:28,730 [INFO] CodeEngine:239 - oldGeneratedFile, D:\STM32\lab2\ex1\MXTmpFiles\gpio.tmp_save
2023-10-05 10:16:28,821 [INFO] CodeEngine:257 - Generated code: D:\STM32\lab2\ex1\MXTmpFiles\gpio.tmp
2023-10-05 10:16:28,848 [INFO] CodeEngine:239 - oldGeneratedFile, D:\STM32\lab2\ex1\Core\Src\stm32f1xx_it.c_save
2023-10-05 10:16:28,908 [INFO] CodeEngine:257 - Generated code: D:\STM32\lab2\ex1\Core\Src\stm32f1xx_it.c
2023-10-05 10:16:28,911 [INFO] CodeEngine:239 - oldGeneratedFile, D:\STM32\lab2\ex1\Core\Inc\stm32f1xx_it.h_save
2023-10-05 10:16:28,954 [INFO] CodeEngine:257 - Generated code: D:\STM32\lab2\ex1\Core\Inc\stm32f1xx_it.h
2023-10-05 10:16:28,966 [INFO] CodeEngine:239 - oldGeneratedFile, D:\STM32\lab2\ex1\Core\Src\stm32f1xx_hal_msp.c_save
2023-10-05 10:16:29,044 [INFO] CodeEngine:257 - Generated code: D:\STM32\lab2\ex1\Core\Src\stm32f1xx_hal_msp.c
2023-10-05 10:16:29,046 [INFO] CodeEngine:239 - oldGeneratedFile, D:\STM32\lab2\ex1\MXTmpFiles\system.tmp_save
2023-10-05 10:16:29,095 [INFO] CodeEngine:257 - Generated code: D:\STM32\lab2\ex1\MXTmpFiles\system.tmp
2023-10-05 10:16:29,106 [INFO] CodeEngine:239 - oldGeneratedFile, D:\STM32\lab2\ex1\Core\Inc\stm32f1xx_hal_conf.h_save
2023-10-05 10:16:29,172 [INFO] CodeEngine:257 - Generated code: D:\STM32\lab2\ex1\Core\Inc\stm32f1xx_hal_conf.h
2023-10-05 10:16:29,197 [INFO] CodeEngine:239 - oldGeneratedFile, D:\STM32\lab2\ex1\Core\Inc\main.h_save
2023-10-05 10:16:29,249 [INFO] CodeEngine:257 - Generated code: D:\STM32\lab2\ex1\Core\Inc\main.h
2023-10-05 10:16:29,256 [INFO] CodeEngine:239 - oldGeneratedFile, D:\STM32\lab2\ex1\Core\Src\main.c_save
2023-10-05 10:16:29,359 [INFO] CodeEngine:257 - Generated code: D:\STM32\lab2\ex1\Core\Src\main.c
2023-10-05 10:16:30,007 [INFO] ProjectBuilder:2578 - Time for Copy HAL[1] : 37mS.
2023-10-05 10:16:30,009 [INFO] ProjectBuilder:3622 - Project Generator version: 3.14.1
2023-10-05 10:16:30,410 [INFO] ConfigFileManager:1271 - The Die is : DIE412
2023-10-05 10:16:31,685 [INFO] ProjectBuilder:3789 - Time for Generating toolchain IDE Files: 1676mS.
2023-10-05 10:16:31,686 [INFO] ProjectBuilder:2457 - Time for Copy CMSIS : 0mS.
2023-10-05 10:16:31,687 [INFO] ProjectBuilder:2457 - Time for Copy CMSIS : 0mS.
